nohup: streamlit: No such file or directory

  You can now view your Streamlit app in your browser.

  Local URL: http://localhost:8503
  Network URL: http://192.168.86.114:8503

  For better performance, install the Watchdog module:

  $ xcode-select --install
  $ pip install watchdog
            
2025-11-29 22:08:19.217 Please replace `use_container_width` with `width`.

`use_container_width` will be removed after 2025-12-31.

For `use_container_width=True`, use `width='stretch'`. For `use_container_width=False`, use `width='content'`.
2025-11-29 22:08:19.303 Please replace `use_container_width` with `width`.

`use_container_width` will be removed after 2025-12-31.

For `use_container_width=True`, use `width='stretch'`. For `use_container_width=False`, use `width='content'`.
2025-11-29 22:08:19.305 Please replace `use_container_width` with `width`.

`use_container_width` will be removed after 2025-12-31.

For `use_container_width=True`, use `width='stretch'`. For `use_container_width=False`, use `width='content'`.
2025-11-29 22:08:19.534 Please replace `use_container_width` with `width`.

`use_container_width` will be removed after 2025-12-31.

For `use_container_width=True`, use `width='stretch'`. For `use_container_width=False`, use `width='content'`.
/Users/brighart/cell_OS/cell_OS/dashboard_app/pages/tab_execution_monitor.py:317: FutureWarning: Styler.applymap has been deprecated. Use Styler.map instead.
  styled_df = df_history.style.applymap(color_status, subset=["Status"])
2025-11-29 22:08:19.608 Please replace `use_container_width` with `width`.

`use_container_width` will be removed after 2025-12-31.

For `use_container_width=True`, use `width='stretch'`. For `use_container_width=False`, use `width='content'`.
2025-11-29 22:08:19.690 Please replace `use_container_width` with `width`.

`use_container_width` will be removed after 2025-12-31.

For `use_container_width=True`, use `width='stretch'`. For `use_container_width=False`, use `width='content'`.
2025-11-29 22:08:19.709 Please replace `use_container_width` with `width`.

`use_container_width` will be removed after 2025-12-31.

For `use_container_width=True`, use `width='stretch'`. For `use_container_width=False`, use `width='content'`.
2025-11-29 22:08:27.725 Please replace `use_container_width` with `width`.

`use_container_width` will be removed after 2025-12-31.

For `use_container_width=True`, use `width='stretch'`. For `use_container_width=False`, use `width='content'`.
2025-11-29 22:08:27.728 Please replace `use_container_width` with `width`.

`use_container_width` will be removed after 2025-12-31.

For `use_container_width=True`, use `width='stretch'`. For `use_container_width=False`, use `width='content'`.
2025-11-29 22:08:27.730 Please replace `use_container_width` with `width`.

`use_container_width` will be removed after 2025-12-31.

For `use_container_width=True`, use `width='stretch'`. For `use_container_width=False`, use `width='content'`.
2025-11-29 22:08:27.961 Please replace `use_container_width` with `width`.

`use_container_width` will be removed after 2025-12-31.

For `use_container_width=True`, use `width='stretch'`. For `use_container_width=False`, use `width='content'`.
/Users/brighart/cell_OS/cell_OS/dashboard_app/pages/tab_execution_monitor.py:317: FutureWarning:

Styler.applymap has been deprecated. Use Styler.map instead.

2025-11-29 22:08:27.976 Please replace `use_container_width` with `width`.

`use_container_width` will be removed after 2025-12-31.

For `use_container_width=True`, use `width='stretch'`. For `use_container_width=False`, use `width='content'`.
2025-11-29 22:08:28.024 Please replace `use_container_width` with `width`.

`use_container_width` will be removed after 2025-12-31.

For `use_container_width=True`, use `width='stretch'`. For `use_container_width=False`, use `width='content'`.
2025-11-29 22:08:28.040 Please replace `use_container_width` with `width`.

`use_container_width` will be removed after 2025-12-31.

For `use_container_width=True`, use `width='stretch'`. For `use_container_width=False`, use `width='content'`.
✅ Connected to Experiment Database: data/cell_os_experiments.db
Warning: Failed to parse metadata for campaign demo_campaign: completed
Warning: Failed to parse metadata for campaign campaign_20251128_145616: completed
✅ Connected to Experiment Database: data/cell_os_experiments.db
Warning: Failed to parse metadata for campaign demo_campaign: completed
Warning: Failed to parse metadata for campaign campaign_20251128_145616: completed
  Stopping...
